<?xml version="1.0" encoding="UTF-8"?>
<!-- Generated by org.testng.reporters.JUnitXMLReporter -->
<testsuite ignored="0" hostname="HP-PC" failures="0" tests="4" name="Test" time="0.077" errors="0" timestamp="2020-05-05T13:35:07 IST">
  <testcase classname="qaclick.MobileTest" name="ios" time="0.006"/>
  <testcase classname="qaclick.MobileTest" name="naative" time="0.0"/>
  <testcase classname="qaclick.SeleniumTest" name="browser" time="0.0"/>
  <testcase classname="qaclick.SeleniumTest" name="elwementui" time="0.001"/>
</testsuite> <!-- Test -->
