<?xml version="1.0" encoding="UTF-8"?>
<testng-results ignored="0" total="4" passed="4" failed="0" skipped="0">
  <reporter-output>
  </reporter-output>
  <suite started-at="2020-05-05T13:35:07 IST" name="Suite" finished-at="2020-05-05T13:35:07 IST" duration-ms="77">
    <groups>
    </groups>
    <test started-at="2020-05-05T13:35:07 IST" name="Test" finished-at="2020-05-05T13:35:07 IST" duration-ms="77">
      <class name="qaclick.MobileTest">
        <test-method signature="ios()[pri:0, instance:qaclick.MobileTest@ca263c2]" started-at="2020-05-05T13:35:07 IST" name="ios" finished-at="2020-05-05T13:35:07 IST" duration-ms="6" status="PASS">
          <reporter-output>
          </reporter-output>
        </test-method> <!-- ios -->
        <test-method signature="naative()[pri:0, instance:qaclick.MobileTest@ca263c2]" started-at="2020-05-05T13:35:07 IST" name="naative" finished-at="2020-05-05T13:35:07 IST" duration-ms="0" status="PASS">
          <reporter-output>
          </reporter-output>
        </test-method> <!-- naative -->
      </class> <!-- qaclick.MobileTest -->
      <class name="qaclick.SeleniumTest">
        <test-method signature="browser()[pri:0, instance:qaclick.SeleniumTest@589b3632]" started-at="2020-05-05T13:35:07 IST" name="browser" finished-at="2020-05-05T13:35:07 IST" duration-ms="0" status="PASS">
          <reporter-output>
          </reporter-output>
        </test-method> <!-- browser -->
        <test-method signature="elwementui()[pri:0, instance:qaclick.SeleniumTest@589b3632]" started-at="2020-05-05T13:35:07 IST" name="elwementui" finished-at="2020-05-05T13:35:07 IST" duration-ms="1" status="PASS">
          <reporter-output>
          </reporter-output>
        </test-method> <!-- elwementui -->
      </class> <!-- qaclick.SeleniumTest -->
    </test> <!-- Test -->
  </suite> <!-- Suite -->
</testng-results>
